<?xml version="1.0" encoding="UTF-8"?>
<!-- Generated by org.testng.reporters.JUnitReportReporter -->
<testsuite skipped="0" hostname="Jayant-Sharma" name="Mobileappium.generakApk" tests="1" failures="0" timestamp="09 Aug 2019 21:22:26 GMT" time="44.017" errors="0">
  <testcase name="scenario1" time="44.017" classname="Mobileappium.generakApk"/>
</testsuite> <!-- Mobileappium.generakApk -->
