<?xml version="1.0" encoding="UTF-8"?>
<!-- Generated by org.testng.reporters.JUnitReportReporter -->
<testsuite skipped="0" hostname="Jayant-Sharma" name="Mobileappium.ApiDemosTest" tests="1" failures="0" timestamp="12 Aug 2019 18:53:42 GMT" time="0.016" errors="0">
  <testcase name="testCase" time="0.016" classname="Mobileappium.ApiDemosTest"/>
</testsuite> <!-- Mobileappium.ApiDemosTest -->
