<?xml version="1.0" encoding="UTF-8"?>
<!-- Generated by org.testng.reporters.JUnitReportReporter -->
<testsuite skipped="0" hostname="Jayant-Sharma" name="Mobileappium.generakApkTest" tests="1" failures="0" timestamp="10 Aug 2019 17:41:31 GMT" time="0.019" errors="0">
  <testcase name="testCase" time="0.019" classname="Mobileappium.generakApkTest"/>
</testsuite> <!-- Mobileappium.generakApkTest -->
